#
# A fatal error has been detected by the Java Runtime Environment:
#
#  EXCEPTION_ACCESS_VIOLATION (0xc0000005) at pc=0x0000000063c96678, pid=9592, tid=0x0000000000000628
#
# JRE version: OpenJDK Runtime Environment (8.0_112-b06) (build 1.8.0_112-release-b06)
# Java VM: OpenJDK 64-Bit Server VM (25.112-b06 mixed mode windows-amd64 compressed oops)
# Problematic frame:
# V  [jvm.dll+0x3d6678]
#
# Failed to write core dump. Minidumps are not enabled by default on client versions of Windows
#
# If you would like to submit a bug report, please visit:
#   http://bugreport.java.com/bugreport/crash.jsp
#

---------------  T H R E A D  ---------------

Current thread (0x0000000017f44000):  JavaThread "C1 CompilerThread2" daemon [_thread_in_native, id=1576, stack(0x0000000018730000,0x0000000018830000)]

siginfo: ExceptionCode=0xc0000005, reading address 0x0000000000000018

Registers:
RAX=0x0000000063edd558, RBX=0x000000001882ee20, RCX=0x0000000000000000, RDX=0x000000001a44e2c0
RSP=0x000000001882eda0, RBP=0x000000001882f110, RSI=0x0000000000000000, RDI=0x000000001a44e2c0
R8 =0x000000001882ee20, R9 =0x000000001a44e2c0, R10=0x0000000017f39e40, R11=0x0000000063ed8628
R12=0x0000000000000000, R13=0x0000000000000097, R14=0x0000000000000000, R15=0x0000000000000000
RIP=0x0000000063c96678, EFLAGS=0x0000000000010246

Top of Stack: (sp=0x000000001882eda0)
0x000000001882eda0:   0000000063edd728 0000000063986a2b
0x000000001882edb0:   0000000063edd558 000000001882f410
0x000000001882edc0:   0000000000000000 0000000000000097
0x000000001882edd0:   000000001c8abc80 0000000063cd90d6
0x000000001882ede0:   000000001882f110 0000000063c9f430
0x000000001882edf0:   000000001a44e240 000000001a44e2c0
0x000000001882ee00:   0000000000000000 00000000fffffffc
0x000000001882ee10:   0000000000000001 0000000063c9a89b
0x000000001882ee20:   0000000063edd558 000000001882f410
0x000000001882ee30:   000000001a44e2c0 0000000000000010
0x000000001882ee40:   000000001a44e240 0000000063ca18c6
0x000000001882ee50:   000000001a44e2c0 0000000000000000
0x000000001882ee60:   000000001a44e2c0 0000000000000000
0x000000001882ee70:   0000000000000000 000000001a44e240
0x000000001882ee80:   0000000000000097 0000000000000001
0x000000001882ee90:   000000001882f110 0000000063ca90a9 

Instructions: (pc=0x0000000063c96678)
0x0000000063c96658:   cc cc cc cc cc cc cc cc 48 89 5c 24 10 57 48 83
0x0000000063c96668:   ec 40 48 8b d9 48 8b 4a 68 48 8b fa 48 3b 4a 70
0x0000000063c96678:   48 8b 49 18 0f 85 cd 00 00 00 44 8b 41 0c 41 ff
0x0000000063c96688:   c8 0f 84 ac 00 00 00 41 ff c8 74 4e 41 ff c8 0f 


Register to memory mapping:

RAX=0x0000000063edd558 is an unknown value
RBX=0x000000001882ee20 is pointing into the stack for thread: 0x0000000017f44000
RCX=0x0000000000000000 is an unknown value
RDX=0x000000001a44e2c0 is an unknown value
RSP=0x000000001882eda0 is pointing into the stack for thread: 0x0000000017f44000
RBP=0x000000001882f110 is pointing into the stack for thread: 0x0000000017f44000
RSI=0x0000000000000000 is an unknown value
RDI=0x000000001a44e2c0 is an unknown value
R8 =0x000000001882ee20 is pointing into the stack for thread: 0x0000000017f44000
R9 =0x000000001a44e2c0 is an unknown value
R10=0x0000000017f39e40 is an unknown value
R11=0x0000000063ed8628 is an unknown value
R12=0x0000000000000000 is an unknown value
R13=0x0000000000000097 is an unknown value
R14=0x0000000000000000 is an unknown value
R15=0x0000000000000000 is an unknown value


Stack: [0x0000000018730000,0x0000000018830000],  sp=0x000000001882eda0,  free space=1019k
Native frames: (J=compiled Java code, j=interpreted, Vv=VM code, C=native code)
V  [jvm.dll+0x3d6678]
V  [jvm.dll+0x3df430]
V  [jvm.dll+0x3e18c6]
V  [jvm.dll+0x3e90a9]
V  [jvm.dll+0x3e9c2d]
V  [jvm.dll+0x3ea022]
V  [jvm.dll+0x3ef0f5]
V  [jvm.dll+0x3ef200]
V  [jvm.dll+0x3d89d8]
V  [jvm.dll+0x3d8c41]
V  [jvm.dll+0x3d8e02]
V  [jvm.dll+0x3d8fd1]
V  [jvm.dll+0x3d91df]
V  [jvm.dll+0x80b29]
V  [jvm.dll+0x8145f]
V  [jvm.dll+0x21be7f]
V  [jvm.dll+0x26c13a]
C  [msvcr100.dll+0x21d9f]
C  [msvcr100.dll+0x21e3b]
C  [KERNEL32.DLL+0x8364]
C  [ntdll.dll+0x670d1]


Current CompileTask:
C1:7361912 20159       3       java.lang.reflect.Constructor::copy (72 bytes)


---------------  P R O C E S S  ---------------

Java Threads: ( => current thread )
  0x000000001d3f7000 JavaThread "pool-80-thread-1" [_thread_blocked, id=9840, stack(0x0000000032970000,0x0000000032a70000)]
  0x000000001d3f6800 JavaThread "Cache update executor" [_thread_blocked, id=9136, stack(0x0000000032870000,0x0000000032970000)]
  0x000000001d3f5800 JavaThread "Stdin handler" [_thread_blocked, id=10400, stack(0x0000000032770000,0x0000000032870000)]
  0x000000001d3f5000 JavaThread "Asynchronous log dispatcher for DefaultDaemonConnection: socket connection from /127.0.0.1:56184 to /127.0.0.1:57738" [_thread_blocked, id=7432, stack(0x0000000032670000,0x0000000032770000)]
  0x000000001d3f2000 JavaThread "Daemon worker Thread 9" [_thread_in_native, id=12020, stack(0x0000000032570000,0x0000000032670000)]
  0x000000001d3f4000 JavaThread "Cancel handler" [_thread_blocked, id=9348, stack(0x0000000032470000,0x0000000032570000)]
  0x000000001d3f3800 JavaThread "Handler for socket connection from /127.0.0.1:56184 to /127.0.0.1:57738" [_thread_in_native, id=8048, stack(0x0000000032370000,0x0000000032470000)]
  0x000000001d3ef800 JavaThread "Daemon Thread 9" [_thread_blocked, id=6076, stack(0x0000000032270000,0x0000000032370000)]
  0x000000001cb46800 JavaThread "pool-7-thread-4" [_thread_blocked, id=4420, stack(0x0000000027670000,0x0000000027770000)]
  0x000000001cb42000 JavaThread "pool-7-thread-3" [_thread_blocked, id=9924, stack(0x0000000025f70000,0x0000000026070000)]
  0x000000001b290800 JavaThread "pool-7-thread-1" [_thread_blocked, id=6464, stack(0x0000000023470000,0x0000000023570000)]
  0x000000001b296800 JavaThread "pool-7-thread-2" [_thread_blocked, id=11544, stack(0x0000000023370000,0x0000000023470000)]
  0x000000001b295000 JavaThread "File lock request listener" [_thread_in_native, id=6928, stack(0x000000001ef30000,0x000000001f030000)]
  0x000000001930c800 JavaThread "pool-1-thread-1" [_thread_blocked, id=11952, stack(0x000000001bbf0000,0x000000001bcf0000)]
  0x00000000197f9800 JavaThread "Incoming local TCP Connector on port 56184" [_thread_in_native, id=9728, stack(0x000000001a200000,0x000000001a300000)]
  0x0000000017f68000 JavaThread "Service Thread" daemon [_thread_blocked, id=2392, stack(0x0000000018830000,0x0000000018930000)]
=>0x0000000017f44000 JavaThread "C1 CompilerThread2" daemon [_thread_in_native, id=1576, stack(0x0000000018730000,0x0000000018830000)]
  0x0000000016c1b800 JavaThread "C2 CompilerThread1" daemon [_thread_in_native, id=2208, stack(0x0000000018630000,0x0000000018730000)]
  0x0000000016bce800 JavaThread "C2 CompilerThread0" daemon [_thread_in_native, id=3060, stack(0x0000000018530000,0x0000000018630000)]
  0x0000000016c19800 JavaThread "Attach Listener" daemon [_thread_blocked, id=7480, stack(0x0000000018430000,0x0000000018530000)]
  0x0000000017f38800 JavaThread "Signal Dispatcher" daemon [_thread_blocked, id=11316, stack(0x0000000018330000,0x0000000018430000)]
  0x0000000016ba8800 JavaThread "Finalizer" daemon [_thread_blocked, id=6680, stack(0x0000000017e30000,0x0000000017f30000)]
  0x0000000003242000 JavaThread "Reference Handler" daemon [_thread_blocked, id=10064, stack(0x0000000017d30000,0x0000000017e30000)]
  0x0000000003151000 JavaThread "main" [_thread_blocked, id=7540, stack(0x0000000003050000,0x0000000003150000)]

Other Threads:
  0x0000000016b84800 VMThread [stack: 0x0000000017c30000,0x0000000017d30000] [id=11956]
  0x0000000017f69000 WatcherThread [stack: 0x0000000018930000,0x0000000018a30000] [id=9968]

VM state:not at safepoint (normal execution)

VM Mutex/Monitor currently owned by a thread: None

Heap:
 PSYoungGen      total 438784K, used 303522K [0x00000000e0000000, 0x00000000fef00000, 0x0000000100000000)
  eden space 369664K, 75% used [0x00000000e0000000,0x00000000f120c438,0x00000000f6900000)
  from space 69120K, 33% used [0x00000000fab80000,0x00000000fc1dc420,0x00000000fef00000)
  to   space 68096K, 0% used [0x00000000f6900000,0x00000000f6900000,0x00000000fab80000)
 ParOldGen       total 177152K, used 74835K [0x00000000a0000000, 0x00000000aad00000, 0x00000000e0000000)
  object space 177152K, 42% used [0x00000000a0000000,0x00000000a4914c10,0x00000000aad00000)
 Metaspace       used 70650K, capacity 74280K, committed 74368K, reserved 1114112K
  class space    used 8711K, capacity 9275K, committed 9344K, reserved 1048576K

Card table byte_map: [0x0000000012610000,0x0000000012920000] byte_map_base: 0x0000000012110000

Marking Bits: (ParMarkBitMap*) 0x00000000640818f0
 Begin Bits: [0x0000000012f20000, 0x0000000014720000)
 End Bits:   [0x0000000014720000, 0x0000000015f20000)

Polling page: 0x0000000001640000

CodeCache: size=245760Kb used=54713Kb max_used=54727Kb free=191046Kb
 bounds [0x0000000003250000, 0x0000000006810000, 0x0000000012250000]
 total_blobs=16262 nmethods=15473 adapters=701
 compilation: enabled

Compilation events (10 events):
Event: 7361.574 Thread 0x0000000016c1b800 20153       4       com.sun.tools.javac.comp.Lower$1::visitVarDef (42 bytes)
Event: 7361.577 Thread 0x0000000016c1b800 nmethod 20153 0x00000000067dbdd0 code [0x00000000067dbf40, 0x00000000067dc188]
Event: 7361.577 Thread 0x0000000016c1b800 20151       4       com.sun.tools.javac.code.Lint::augment (58 bytes)
Event: 7361.581 Thread 0x0000000017f44000 20159       3       java.lang.reflect.Constructor::copy (72 bytes)
Event: 7361.582 Thread 0x0000000016c1b800 nmethod 20151 0x00000000067db390 code [0x00000000067db520, 0x00000000067db908]
Event: 7361.582 Thread 0x0000000016c1b800 20118       4       com.sun.tools.javac.comp.Flow$AssignAnalyzer::trackable (37 bytes)
Event: 7361.583 Thread 0x0000000016c1b800 nmethod 20118 0x00000000067dafd0 code [0x00000000067db120, 0x00000000067db238]
Event: 7361.583 Thread 0x0000000016c1b800 20145       4       com.sun.tools.javac.code.Symbol$MethodSymbol::getKind (82 bytes)
Event: 7361.584 Thread 0x0000000016c1b800 nmethod 20145 0x000000000672a290 code [0x000000000672a3e0, 0x000000000672a4d8]
Event: 7361.588 Thread 0x0000000016c1b800 20162       4       org.gradle.internal.serialize.MapSerializer::read (68 bytes)

GC Heap History (10 events):
Event: 507.327 GC heap before
{Heap before GC invocations=23 (full 3):
 PSYoungGen      total 359936K, used 326077K [0x00000000e0000000, 0x00000000fb100000, 0x0000000100000000)
  eden space 306688K, 100% used [0x00000000e0000000,0x00000000f2b80000,0x00000000f2b80000)
  from space 53248K, 36% used [0x00000000f2b80000,0x00000000f3e6f7a0,0x00000000f5f80000)
  to   space 50688K, 0% used [0x00000000f7f80000,0x00000000f7f80000,0x00000000fb100000)
 ParOldGen       total 177152K, used 74803K [0x00000000a0000000, 0x00000000aad00000, 0x00000000e0000000)
  object space 177152K, 42% used [0x00000000a0000000,0x00000000a490cc10,0x00000000aad00000)
 Metaspace       used 69191K, capacity 71964K, committed 72192K, reserved 1112064K
  class space    used 8596K, capacity 9091K, committed 9216K, reserved 1048576K
Event: 507.386 GC heap after
Heap after GC invocations=23 (full 3):
 PSYoungGen      total 386048K, used 48124K [0x00000000e0000000, 0x00000000fc200000, 0x0000000100000000)
  eden space 335360K, 0% used [0x00000000e0000000,0x00000000e0000000,0x00000000f4780000)
  from space 50688K, 94% used [0x00000000f7f80000,0x00000000fae7f3d8,0x00000000fb100000)
  to   space 57344K, 0% used [0x00000000f4780000,0x00000000f4780000,0x00000000f7f80000)
 ParOldGen       total 177152K, used 74811K [0x00000000a0000000, 0x00000000aad00000, 0x00000000e0000000)
  object space 177152K, 42% used [0x00000000a0000000,0x00000000a490ec10,0x00000000aad00000)
 Metaspace       used 69191K, capacity 71964K, committed 72192K, reserved 1112064K
  class space    used 8596K, capacity 9091K, committed 9216K, reserved 1048576K
}
Event: 801.475 GC heap before
{Heap before GC invocations=24 (full 3):
 PSYoungGen      total 386048K, used 383484K [0x00000000e0000000, 0x00000000fc200000, 0x0000000100000000)
  eden space 335360K, 100% used [0x00000000e0000000,0x00000000f4780000,0x00000000f4780000)
  from space 50688K, 94% used [0x00000000f7f80000,0x00000000fae7f3d8,0x00000000fb100000)
  to   space 57344K, 0% used [0x00000000f4780000,0x00000000f4780000,0x00000000f7f80000)
 ParOldGen       total 177152K, used 74811K [0x00000000a0000000, 0x00000000aad00000, 0x00000000e0000000)
  object space 177152K, 42% used [0x00000000a0000000,0x00000000a490ec10,0x00000000aad00000)
 Metaspace       used 69422K, capacity 72254K, committed 72448K, reserved 1112064K
  class space    used 8605K, capacity 9100K, committed 9216K, reserved 1048576K
Event: 801.544 GC heap after
Heap after GC invocations=24 (full 3):
 PSYoungGen      total 392704K, used 56680K [0x00000000e0000000, 0x00000000fea00000, 0x0000000100000000)
  eden space 335360K, 0% used [0x00000000e0000000,0x00000000e0000000,0x00000000f4780000)
  from space 57344K, 98% used [0x00000000f4780000,0x00000000f7eda0c8,0x00000000f7f80000)
  to   space 65536K, 0% used [0x00000000faa00000,0x00000000faa00000,0x00000000fea00000)
 ParOldGen       total 177152K, used 74819K [0x00000000a0000000, 0x00000000aad00000, 0x00000000e0000000)
  object space 177152K, 42% used [0x00000000a0000000,0x00000000a4910c10,0x00000000aad00000)
 Metaspace       used 69422K, capacity 72254K, committed 72448K, reserved 1112064K
  class space    used 8605K, capacity 9100K, committed 9216K, reserved 1048576K
}
Event: 6911.615 GC heap before
{Heap before GC invocations=25 (full 3):
 PSYoungGen      total 392704K, used 392040K [0x00000000e0000000, 0x00000000fea00000, 0x0000000100000000)
  eden space 335360K, 100% used [0x00000000e0000000,0x00000000f4780000,0x00000000f4780000)
  from space 57344K, 98% used [0x00000000f4780000,0x00000000f7eda0c8,0x00000000f7f80000)
  to   space 65536K, 0% used [0x00000000faa00000,0x00000000faa00000,0x00000000fea00000)
 ParOldGen       total 177152K, used 74819K [0x00000000a0000000, 0x00000000aad00000, 0x00000000e0000000)
  object space 177152K, 42% used [0x00000000a0000000,0x00000000a4910c10,0x00000000aad00000)
 Metaspace       used 69990K, capacity 73298K, committed 73472K, reserved 1114112K
  class space    used 8669K, capacity 9212K, committed 9216K, reserved 1048576K
Event: 6911.648 GC heap after
Heap after GC invocations=25 (full 3):
 PSYoungGen      total 346112K, used 22785K [0x00000000e0000000, 0x00000000fc080000, 0x0000000100000000)
  eden space 323072K, 0% used [0x00000000e0000000,0x00000000e0000000,0x00000000f3b80000)
  from space 23040K, 98% used [0x00000000faa00000,0x00000000fc040658,0x00000000fc080000)
  to   space 62976K, 0% used [0x00000000f4580000,0x00000000f4580000,0x00000000f8300000)
 ParOldGen       total 177152K, used 74827K [0x00000000a0000000, 0x00000000aad00000, 0x00000000e0000000)
  object space 177152K, 42% used [0x00000000a0000000,0x00000000a4912c10,0x00000000aad00000)
 Metaspace       used 69990K, capacity 73298K, committed 73472K, reserved 1114112K
  class space    used 8669K, capacity 9212K, committed 9216K, reserved 1048576K
}
Event: 6914.268 GC heap before
{Heap before GC invocations=26 (full 3):
 PSYoungGen      total 346112K, used 345857K [0x00000000e0000000, 0x00000000fc080000, 0x0000000100000000)
  eden space 323072K, 100% used [0x00000000e0000000,0x00000000f3b80000,0x00000000f3b80000)
  from space 23040K, 98% used [0x00000000faa00000,0x00000000fc040658,0x00000000fc080000)
  to   space 62976K, 0% used [0x00000000f4580000,0x00000000f4580000,0x00000000f8300000)
 ParOldGen       total 177152K, used 74827K [0x00000000a0000000, 0x00000000aad00000, 0x00000000e0000000)
  object space 177152K, 42% used [0x00000000a0000000,0x00000000a4912c10,0x00000000aad00000)
 Metaspace       used 70245K, capacity 73676K, committed 73856K, reserved 1114112K
  class space    used 8686K, capacity 9243K, committed 9344K, reserved 1048576K
Event: 6914.390 GC heap after
Heap after GC invocations=26 (full 3):
 PSYoungGen      total 396288K, used 58393K [0x00000000e0000000, 0x00000000ff080000, 0x0000000100000000)
  eden space 333312K, 0% used [0x00000000e0000000,0x00000000e0000000,0x00000000f4580000)
  from space 62976K, 92% used [0x00000000f4580000,0x00000000f7e865d0,0x00000000f8300000)
  to   space 70656K, 0% used [0x00000000fab80000,0x00000000fab80000,0x00000000ff080000)
 ParOldGen       total 177152K, used 74835K [0x00000000a0000000, 0x00000000aad00000, 0x00000000e0000000)
  object space 177152K, 42% used [0x00000000a0000000,0x00000000a4914c10,0x00000000aad00000)
 Metaspace       used 70245K, capacity 73676K, committed 73856K, reserved 1114112K
  class space    used 8686K, capacity 9243K, committed 9344K, reserved 1048576K
}
Event: 7105.331 GC heap before
{Heap before GC invocations=27 (full 3):
 PSYoungGen      total 396288K, used 391705K [0x00000000e0000000, 0x00000000ff080000, 0x0000000100000000)
  eden space 333312K, 100% used [0x00000000e0000000,0x00000000f4580000,0x00000000f4580000)
  from space 62976K, 92% used [0x00000000f4580000,0x00000000f7e865d0,0x00000000f8300000)
  to   space 70656K, 0% used [0x00000000fab80000,0x00000000fab80000,0x00000000ff080000)
 ParOldGen       total 177152K, used 74835K [0x00000000a0000000, 0x00000000aad00000, 0x00000000e0000000)
  object space 177152K, 42% used [0x00000000a0000000,0x00000000a4914c10,0x00000000aad00000)
 Metaspace       used 70514K, capacity 74058K, committed 74368K, reserved 1114112K
  class space    used 8702K, capacity 9266K, committed 9344K, reserved 1048576K
Event: 7105.357 GC heap after
Heap after GC invocations=27 (full 3):
 PSYoungGen      total 438784K, used 22897K [0x00000000e0000000, 0x00000000fef00000, 0x0000000100000000)
  eden space 369664K, 0% used [0x00000000e0000000,0x00000000e0000000,0x00000000f6900000)
  from space 69120K, 33% used [0x00000000fab80000,0x00000000fc1dc420,0x00000000fef00000)
  to   space 68096K, 0% used [0x00000000f6900000,0x00000000f6900000,0x00000000fab80000)
 ParOldGen       total 177152K, used 74835K [0x00000000a0000000, 0x00000000aad00000, 0x00000000e0000000)
  object space 177152K, 42% used [0x00000000a0000000,0x00000000a4914c10,0x00000000aad00000)
 Metaspace       used 70514K, capacity 74058K, committed 74368K, reserved 1114112K
  class space    used 8702K, capacity 9266K, committed 9344K, reserved 1048576K
}

Deoptimization events (10 events):
Event: 7103.980 Thread 0x000000001d3f3800 Uncommon trap: reason=class_check action=maybe_recompile pc=0x000000000624ad18 method=com.google.common.collect.AbstractMapBasedMultimap$WrappedCollection.size()I @ 8
Event: 7103.980 Thread 0x000000001d3f3800 Uncommon trap: reason=class_check action=maybe_recompile pc=0x0000000006509664 method=com.google.common.collect.AbstractMapBasedMultimap$WrappedCollection$WrappedIterator.next()Ljava/lang/Object; @ 8
Event: 7105.326 Thread 0x000000001d3f3800 Uncommon trap: reason=null_check action=make_not_entrant pc=0x000000000413d2bc method=com.sun.org.apache.xpath.internal.patterns.NodeTest.subPartMatchNS(Ljava/lang/String;Ljava/lang/String;)Z @ 25
Event: 7359.779 Thread 0x000000001d3f2000 Uncommon trap: reason=class_check action=maybe_recompile pc=0x000000000624ad18 method=com.google.common.collect.AbstractMapBasedMultimap$WrappedCollection.size()I @ 8
Event: 7359.779 Thread 0x000000001d3f2000 Uncommon trap: reason=class_check action=maybe_recompile pc=0x0000000006509664 method=com.google.common.collect.AbstractMapBasedMultimap$WrappedCollection$WrappedIterator.next()Ljava/lang/Object; @ 8
Event: 7359.956 Thread 0x000000001d3f2000 Uncommon trap: reason=array_check action=maybe_recompile pc=0x00000000048ed6dc method=java.util.ComparableTimSort.binarySort([Ljava/lang/Object;III)V @ 193
Event: 7359.957 Thread 0x000000001d3f2000 Uncommon trap: reason=array_check action=maybe_recompile pc=0x00000000048ed6dc method=java.util.ComparableTimSort.binarySort([Ljava/lang/Object;III)V @ 193
Event: 7359.960 Thread 0x000000001d3f2000 Uncommon trap: reason=array_check action=maybe_recompile pc=0x00000000048ed6dc method=java.util.ComparableTimSort.binarySort([Ljava/lang/Object;III)V @ 193
Event: 7359.961 Thread 0x000000001d3f2000 Uncommon trap: reason=array_check action=maybe_recompile pc=0x00000000048ed6dc method=java.util.ComparableTimSort.binarySort([Ljava/lang/Object;III)V @ 193
Event: 7360.148 Thread 0x000000001d3f2000 Uncommon trap: reason=null_check action=make_not_entrant pc=0x0000000005dbd750 method=com.android.ide.common.res2.NodeUtils.processSingleNodeNamespace(Lorg/w3c/dom/Node;Lorg/w3c/dom/Document;)Z @ 8

Internal exceptions (10 events):
Event: 6915.764 Thread 0x000000001cb44000 Exception <a 'java/lang/NoSuchMethodError': <clinit>> (0x00000000ea533890) thrown at [C:\src\android\AOSP-openjdk\external\jetbrains\jdk\hotspot\src\share\vm\prims\jni.cpp, line 1613]
Event: 6915.765 Thread 0x000000001cb44000 Exception <a 'java/lang/NoSuchMethodError': <clinit>> (0x00000000ea53cfc0) thrown at [C:\src\android\AOSP-openjdk\external\jetbrains\jdk\hotspot\src\share\vm\prims\jni.cpp, line 1613]
Event: 6915.766 Thread 0x000000001cb40800 Exception <a 'java/lang/NoSuchMethodError': <clinit>> (0x00000000ea57b740) thrown at [C:\src\android\AOSP-openjdk\external\jetbrains\jdk\hotspot\src\share\vm\prims\jni.cpp, line 1613]
Event: 7103.764 Thread 0x000000001d3f3800 Exception <a 'java/lang/ClassNotFoundException': asLocalRepo2731_9wz17bm7chl11tly4nbiwqzjnBeanInfo> (0x00000000eab98690) thrown at [C:\src\android\AOSP-openjdk\external\jetbrains\jdk\hotspot\src\share\vm\classfile\systemDictionary.cpp, line 210]
Event: 7103.764 Thread 0x000000001d3f3800 Exception <a 'java/lang/ClassNotFoundException': asLocalRepo2731_9wz17bm7chl11tly4nbiwqzjnCustomizer> (0x00000000eaba3c78) thrown at [C:\src\android\AOSP-openjdk\external\jetbrains\jdk\hotspot\src\share\vm\classfile\systemDictionary.cpp, line 210]
Event: 7105.326 Thread 0x000000001d3f3800 Implicit null exception at 0x000000000413c7fa to 0x000000000413d29d
Event: 7105.462 Thread 0x000000001d3f3800 Exception <a 'sun/nio/fs/WindowsException'> (0x00000000e157d0c0) thrown at [C:\src\android\AOSP-openjdk\external\jetbrains\jdk\hotspot\src\share\vm\prims\jni.cpp, line 709]
Event: 7359.550 Thread 0x000000001d3f2000 Exception <a 'java/lang/ClassNotFoundException': asLocalRepo2259_bwof5kjzium0l07itoqy4hswyBeanInfo> (0x00000000e1e51a48) thrown at [C:\src\android\AOSP-openjdk\external\jetbrains\jdk\hotspot\src\share\vm\classfile\systemDictionary.cpp, line 210]
Event: 7359.550 Thread 0x000000001d3f2000 Exception <a 'java/lang/ClassNotFoundException': asLocalRepo2259_bwof5kjzium0l07itoqy4hswyCustomizer> (0x00000000e1e5d030) thrown at [C:\src\android\AOSP-openjdk\external\jetbrains\jdk\hotspot\src\share\vm\classfile\systemDictionary.cpp, line 210]
Event: 7360.148 Thread 0x000000001d3f2000 Implicit null exception at 0x0000000005dbb7af to 0x0000000005dbd735

Events (10 events):
Event: 7360.924 Executing VM operation: RevokeBias done
Event: 7360.924 Thread 0x000000001d3f0800 Thread exited: 0x000000001d3f0800
Event: 7360.954 Thread 0x000000001d3f2000 DEOPT PACKING pc=0x0000000003a0ee4b sp=0x000000003266b820
Event: 7360.954 Thread 0x000000001d3f2000 DEOPT UNPACKING pc=0x00000000032975bf sp=0x000000003266b570 mode 0
Event: 7361.103 Thread 0x000000001d3f2000 DEOPT PACKING pc=0x0000000003524c55 sp=0x000000003266a250
Event: 7361.103 Thread 0x000000001d3f2000 DEOPT UNPACKING pc=0x00000000032975bf sp=0x0000000032669f60 mode 0
Event: 7361.540 Thread 0x000000001d3f2000 DEOPT PACKING pc=0x0000000005d61d2d sp=0x000000003266ac10
Event: 7361.540 Thread 0x000000001d3f2000 DEOPT UNPACKING pc=0x00000000032975bf sp=0x000000003266a988 mode 0
Event: 7361.588 Thread 0x000000001d3f2000 DEOPT PACKING pc=0x000000000534f8f7 sp=0x000000003266b000
Event: 7361.588 Thread 0x000000001d3f2000 DEOPT UNPACKING pc=0x00000000032975bf sp=0x000000003266ad88 mode 0


Dynamic libraries:
0x00007ff694af0000 - 0x00007ff694b21000 	D:\AndroidDevelopment\android-studio\jre\bin\java.exe
0x00007ff8afee0000 - 0x00007ff8b00b1000 	C:\WINDOWS\SYSTEM32\ntdll.dll
0x00007ff8aef50000 - 0x00007ff8aeffb000 	C:\WINDOWS\System32\KERNEL32.DLL
0x00007ff8ac3f0000 - 0x00007ff8ac60d000 	C:\WINDOWS\System32\KERNELBASE.dll
0x00007ff8aeea0000 - 0x00007ff8aef42000 	C:\WINDOWS\System32\ADVAPI32.dll
0x00007ff8afe40000 - 0x00007ff8afede000 	C:\WINDOWS\System32\msvcrt.dll
0x00007ff8ad710000 - 0x00007ff8ad769000 	C:\WINDOWS\System32\sechost.dll
0x00007ff8afbd0000 - 0x00007ff8afcf1000 	C:\WINDOWS\System32\RPCRT4.dll
0x00007ff8af450000 - 0x00007ff8af5b5000 	C:\WINDOWS\System32\USER32.dll
0x00007ff8ac3d0000 - 0x00007ff8ac3ee000 	C:\WINDOWS\System32\win32u.dll
0x00007ff8afb90000 - 0x00007ff8afbc4000 	C:\WINDOWS\System32\GDI32.dll
0x00007ff8aca50000 - 0x00007ff8acbd2000 	C:\WINDOWS\System32\gdi32full.dll
0x00007ff8a5640000 - 0x00007ff8a58ba000 	C:\WINDOWS\WinSxS\amd64_microsoft.windows.common-controls_6595b64144ccf1df_6.0.14393.953_none_42151e83c686086b\COMCTL32.dll
0x00007ff8af720000 - 0x00007ff8af9e8000 	C:\WINDOWS\System32\combase.dll
0x00007ff8ad2c0000 - 0x00007ff8ad3b5000 	C:\WINDOWS\System32\ucrtbase.dll
0x00007ff8ac810000 - 0x00007ff8ac87a000 	C:\WINDOWS\System32\bcryptPrimitives.dll
0x00007ff8ad7d0000 - 0x00007ff8ad7fe000 	C:\WINDOWS\System32\IMM32.DLL
0x0000000063700000 - 0x00000000637d2000 	D:\AndroidDevelopment\android-studio\jre\jre\bin\msvcr100.dll
0x00000000638c0000 - 0x00000000640fc000 	D:\AndroidDevelopment\android-studio\jre\jre\bin\server\jvm.dll
0x00007ff8ad570000 - 0x00007ff8ad578000 	C:\WINDOWS\System32\PSAPI.DLL
0x00007ff8a84f0000 - 0x00007ff8a84fa000 	C:\WINDOWS\SYSTEM32\VERSION.dll
0x00007ff8aa260000 - 0x00007ff8aa283000 	C:\WINDOWS\SYSTEM32\WINMM.dll
0x00007ff896610000 - 0x00007ff896619000 	C:\WINDOWS\SYSTEM32\WSOCK32.dll
0x00007ff8aed70000 - 0x00007ff8aedda000 	C:\WINDOWS\System32\WS2_32.dll
0x00007ff8aa230000 - 0x00007ff8aa25b000 	C:\WINDOWS\SYSTEM32\WINMMBASE.dll
0x00007ff8ac7c0000 - 0x00007ff8ac802000 	C:\WINDOWS\System32\cfgmgr32.dll
0x00007ff8a4c80000 - 0x00007ff8a4c8f000 	D:\AndroidDevelopment\android-studio\jre\jre\bin\verify.dll
0x00007ff8a23c0000 - 0x00007ff8a23e9000 	D:\AndroidDevelopment\android-studio\jre\jre\bin\java.dll
0x00007ff8a4b90000 - 0x00007ff8a4ba6000 	D:\AndroidDevelopment\android-studio\jre\jre\bin\zip.dll
0x00007ff8ad860000 - 0x00007ff8aed69000 	C:\WINDOWS\System32\SHELL32.dll
0x00007ff8acbe0000 - 0x00007ff8ad2ba000 	C:\WINDOWS\System32\windows.storage.dll
0x00007ff8ac350000 - 0x00007ff8ac39c000 	C:\WINDOWS\System32\powrprof.dll
0x00007ff8ad510000 - 0x00007ff8ad562000 	C:\WINDOWS\System32\shlwapi.dll
0x00007ff8ac3a0000 - 0x00007ff8ac3af000 	C:\WINDOWS\System32\kernel.appcore.dll
0x00007ff8ad3c0000 - 0x00007ff8ad469000 	C:\WINDOWS\System32\shcore.dll
0x00007ff8ac3b0000 - 0x00007ff8ac3c4000 	C:\WINDOWS\System32\profapi.dll
0x00007ff8a4b40000 - 0x00007ff8a4b5a000 	D:\AndroidDevelopment\android-studio\jre\jre\bin\net.dll
0x00007ff8abc70000 - 0x00007ff8abccc000 	C:\WINDOWS\system32\mswsock.dll
0x00007ff8a24a0000 - 0x00007ff8a24b1000 	D:\AndroidDevelopment\android-studio\jre\jre\bin\nio.dll
0x00007ff89f220000 - 0x00007ff89f23e000 	C:\Users\ÁõÏþ±ò\.gradle\native\23\windows-amd64\native-platform.dll
0x00007ff8abe10000 - 0x00007ff8abe27000 	C:\WINDOWS\SYSTEM32\CRYPTSP.dll
0x00007ff8ab870000 - 0x00007ff8ab8a3000 	C:\WINDOWS\system32\rsaenh.dll
0x00007ff8abf20000 - 0x00007ff8abf4b000 	C:\WINDOWS\SYSTEM32\bcrypt.dll
0x00007ff8abaf0000 - 0x00007ff8abb0f000 	C:\WINDOWS\SYSTEM32\USERENV.dll
0x00007ff8abe30000 - 0x00007ff8abe3b000 	C:\WINDOWS\SYSTEM32\CRYPTBASE.dll
0x00007ff8ab9f0000 - 0x00007ff8aba28000 	C:\WINDOWS\SYSTEM32\IPHLPAPI.DLL
0x00007ff8af440000 - 0x00007ff8af448000 	C:\WINDOWS\System32\NSI.dll
0x00007ff8a6060000 - 0x00007ff8a6076000 	C:\WINDOWS\SYSTEM32\dhcpcsvc6.DLL
0x00007ff8a60e0000 - 0x00007ff8a60fa000 	C:\WINDOWS\SYSTEM32\dhcpcsvc.DLL
0x00007ff8a4c60000 - 0x00007ff8a4c6d000 	D:\AndroidDevelopment\android-studio\jre\jre\bin\management.dll
0x00007ff89d1e0000 - 0x00007ff89d204000 	D:\AndroidDevelopment\android-studio\jre\jre\bin\sunec.dll
0x00007ff8a22e0000 - 0x00007ff8a22eb000 	D:\AndroidDevelopment\android-studio\jre\jre\bin\sunmscapi.dll
0x00007ff8ac880000 - 0x00007ff8aca49000 	C:\WINDOWS\System32\CRYPT32.dll
0x00007ff8ac340000 - 0x00007ff8ac350000 	C:\WINDOWS\System32\MSASN1.dll
0x00007ff89ce80000 - 0x00007ff89d012000 	C:\WINDOWS\SYSTEM32\dbghelp.dll

VM Arguments:
jvm_args: -Xmx1536m -Dfile.encoding=GBK -Duser.country=CN -Duser.language=zh -Duser.variant 
java_command: org.gradle.launcher.daemon.bootstrap.GradleDaemon 3.3
java_class_path (initial): C:\Users\ÁõÏþ±ò\.gradle\wrapper\dists\gradle-3.3-all\55gk2rcmfc6p2dg9u9ohc3hw9\gradle-3.3\lib\gradle-launcher-3.3.jar
Launcher Type: SUN_STANDARD

Environment Variables:
JAVA_HOME=C:\Program Files\Java\jdk1.8.0_74
CLASSPATH= .;C:\Program Files\Java\jdk1.8.0_74\lib;C:\Program Files\Java\jdk1.8.0_74\lib\tools.jar
PATH=C:\Python27\;C:\Python27\Scripts;C:\ProgramData\Oracle\Java\javapath;C:\Windows\system32;C:\Windows;C:\Windows\System32\Wbem;C:\Windows\System32\WindowsPowerShell\v1.0\;C:\Program Files (x86)\NVIDIA Corporation\PhysX\Common;C:\Program Files\Java\jdk1.8.0_74\bin;C:\Program Files\Java\jdk1.8.0_74\jre\bin;C:\Users\ÁõÏþ±ò\AppData\Local\Android\android-sdk\tools;C:;Users\ÁõÏþ±ò\AppData\Local\Android\android-sdk\platform-tools;%S;stemRoot%\system32;C:\WINDOWS;C:\WINDOWS\System32\Wbem;C:\WINDOWS\System32\WindowsPowerShell\v1.0\;D:\AndroidDevelopment\android-sdk-windows\platform-tools;C:\ProgramData\chocolatey\bin;C:\Program Files\nodejs\;D:\AndroidDevelopment\android-sdk-windows;D:\AndroidDevelopment\android-sdk-windows\tools;D:\AndroidDevelopment\android-sdk-windows\platform-tools;;C:\Users\ÁõÏþ±ò\AppData\Local\Microsoft\WindowsApps;C:\Users\ÁõÏþ±ò\AppData\Roaming\npm
USERNAME=ÁõÏþ±ò
OS=Windows_NT
PROCESSOR_IDENTIFIER=Intel64 Family 6 Model 60 Stepping 3, GenuineIntel



---------------  S Y S T E M  ---------------

OS: Windows 10.0 , 64 bit Build 14393 (10.0.14393.0)

CPU:total 4 (2 cores per cpu, 2 threads per core) family 6 model 60 stepping 3, cmov, cx8, fxsr, mmx, sse, sse2, sse3, ssse3, sse4.1, sse4.2, popcnt, avx, avx2, aes, clmul, erms, lzcnt, ht, tsc, tscinvbit, bmi1, bmi2

Memory: 4k page, physical 8268832k(2385544k free), swap 11218744k(2872880k free)

vm_info: OpenJDK 64-Bit Server VM (25.112-b06) for windows-amd64 JRE (1.8.0_112-release-b06), built on Dec  8 2016 00:54:26 by "builder" with MS VC++ 10.0 (VS2010)

time: Mon Mar 27 19:16:26 2017
elapsed time: 7361 seconds (0d 2h 2m 41s)

